/home/bcuser/Git/isit320-wilkes-2018/midterm/server/node_modules/express/lib/router/index.js:458
      throw new TypeError('Router.use() requires a middleware function but got a ' + gettype(fn))
      ^

TypeError: Router.use() requires a middleware function but got a Object
    at Function.use (/home/bcuser/Git/isit320-wilkes-2018/midterm/server/node_modules/express/lib/router/index.js:458:13)
    at Function.<anonymous> (/home/bcuser/Git/isit320-wilkes-2018/midterm/server/node_modules/express/lib/application.js:220:21)
    at Array.forEach (<anonymous>)
    at Function.use (/home/bcuser/Git/isit320-wilkes-2018/midterm/server/node_modules/express/lib/application.js:217:7)
    at Object.<anonymous> (/home/bcuser/Git/isit320-wilkes-2018/midterm/server/app.js:13:5)
    at Module._compile (internal/modules/cjs/loader.js:689:30)
    at Object.Module._extensions..js (internal/modules/cjs/loader.js:700:10)
    at Module.load (internal/modules/cjs/loader.js:599:32)
    at tryModuleLoad (internal/modules/cjs/loader.js:538:12)
    at Function.Module._load (internal/modules/cjs/loader.js:530:3)
/home/bcuser/Git/isit320-wilkes-2018/midterm/server/node_modules/express/lib/router/index.js:458
      throw new TypeError('Router.use() requires a middleware function but got a ' + gettype(fn))
      ^

TypeError: Router.use() requires a middleware function but got a Object
    at Function.use (/home/bcuser/Git/isit320-wilkes-2018/midterm/server/node_modules/express/lib/router/index.js:458:13)
    at Function.<anonymous> (/home/bcuser/Git/isit320-wilkes-2018/midterm/server/node_modules/express/lib/application.js:220:21)
    at Array.forEach (<anonymous>)
    at Function.use (/home/bcuser/Git/isit320-wilkes-2018/midterm/server/node_modules/express/lib/application.js:217:7)
    at Object.<anonymous> (/home/bcuser/Git/isit320-wilkes-2018/midterm/server/app.js:13:5)
    at Module._compile (internal/modules/cjs/loader.js:689:30)
    at Object.Module._extensions..js (internal/modules/cjs/loader.js:700:10)
    at Module.load (internal/modules/cjs/loader.js:599:32)
    at tryModuleLoad (internal/modules/cjs/loader.js:538:12)
    at Function.Module._load (internal/modules/cjs/loader.js:530:3)
