Port 30026 is already in use
Port 30026 is already in use
Foo called:
{
    "result": "success",
    "status": "bar",
    "file": "api.js"
}
[0mGET /foo [36m304 [0m5.040 ms - -[0m
[0mGET / [36m304 [0m1.054 ms - -[0m
[0mGET /static/css/main.a6582788.chunk.css [36m304 [0m0.260 ms - -[0m
[0mGET /static/js/1.72318837.chunk.js [36m304 [0m0.212 ms - -[0m
[0mGET /static/js/main.b46a4c60.chunk.js [36m304 [0m0.197 ms - -[0m
Foo called:
{
    "result": "success",
    "status": "bar",
    "file": "api.js"
}
[0mGET /foo [36m304 [0m0.464 ms - -[0m
[0mGET /static/css/main.a6582788.chunk.css [36m304 [0m0.207 ms - -[0m
[0mGET /static/js/1.72318837.chunk.js.map [32m200 [0m3.603 ms - 321824[0m
[0mGET /static/js/main.b46a4c60.chunk.js.map [32m200 [0m8.965 ms - 8120[0m
[0mGET /static/css/main.a6582788.chunk.css.map [32m200 [0m0.520 ms - 1618[0m
[0mGET /index [33m404 [0m279.746 ms - 1693[0m
[0mGET /bower_components/bootstrap/dist/css/bootstrap.css [36m304 [0m0.787 ms - -[0m
[0mGET /bower_components/jquery/dist/jquery.js [36m304 [0m1.281 ms - -[0m
[0mGET /bower_components/bootstrap/dist/js/bootstrap.js [36m304 [0m1.343 ms - -[0m
[0mGET /stylesheets/style.css [32m200 [0m2.791 ms - 111[0m
[0mGET /javascripts/control.js [32m200 [0m8.986 ms - 26[0m
[0mGET /favicon.ico?v=1 [32m200 [0m0.545 ms - 3870[0m
Foo called:
{
    "result": "success",
    "status": "bar",
    "file": "api.js"
}
[0mGET /foo [36m304 [0m0.379 ms - -[0m
[0mGET /create-educate [33m404 [0m16.909 ms - 1693[0m
[0mGET /stylesheets/style.css [36m304 [0m1.126 ms - -[0m
[0mGET /bower_components/bootstrap/dist/css/bootstrap.css [36m304 [0m4.070 ms - -[0m
[0mGET /bower_components/jquery/dist/jquery.js [36m304 [0m5.457 ms - -[0m
[0mGET /bower_components/bootstrap/dist/js/bootstrap.js [36m304 [0m1.824 ms - -[0m
[0mGET /javascripts/control.js [36m304 [0m1.232 ms - -[0m
[0mGET /create-educate [33m404 [0m15.244 ms - 1693[0m
[0mGET /stylesheets/style.css [36m304 [0m1.487 ms - -[0m
[0mGET /bower_components/bootstrap/dist/css/bootstrap.css [36m304 [0m0.169 ms - -[0m
[0mGET /bower_components/jquery/dist/jquery.js [36m304 [0m2.666 ms - -[0m
[0mGET /bower_components/bootstrap/dist/js/bootstrap.js [36m304 [0m2.898 ms - -[0m
[0mGET /javascripts/control.js [36m304 [0m0.144 ms - -[0m
[0mGET /favicon.ico?v=1 [32m200 [0m0.523 ms - 3870[0m
[0mGET /create-educate [33m404 [0m23.964 ms - 1693[0m
[0mGET /stylesheets/style.css [36m304 [0m0.202 ms - -[0m
[0mGET /bower_components/bootstrap/dist/css/bootstrap.css [36m304 [0m0.151 ms - -[0m
[0mGET /bower_components/jquery/dist/jquery.js [36m304 [0m3.654 ms - -[0m
[0mGET /bower_components/bootstrap/dist/js/bootstrap.js [36m304 [0m1.543 ms - -[0m
[0mGET /javascripts/control.js [36m304 [0m3.006 ms - -[0m
[0mGET /favicon.ico?v=1 [32m200 [0m1.242 ms - 3870[0m
[0mGET /create-educate [33m404 [0m13.813 ms - 1693[0m
[0mGET /stylesheets/style.css [36m304 [0m0.196 ms - -[0m
[0mGET /bower_components/bootstrap/dist/css/bootstrap.css [36m304 [0m5.662 ms - -[0m
[0mGET /bower_components/jquery/dist/jquery.js [36m304 [0m3.816 ms - -[0m
[0mGET /bower_components/bootstrap/dist/js/bootstrap.js [36m304 [0m3.621 ms - -[0m
[0mGET /javascripts/control.js [36m304 [0m1.359 ms - -[0m
[0mGET /favicon.ico?v=1 [32m200 [0m0.442 ms - 3870[0m
[0mGET /create-educate [33m404 [0m7.835 ms - 1693[0m
[0mGET /stylesheets/style.css [36m304 [0m0.201 ms - -[0m
[0mGET /bower_components/bootstrap/dist/css/bootstrap.css [36m304 [0m3.584 ms - -[0m
[0mGET /bower_components/jquery/dist/jquery.js [36m304 [0m2.682 ms - -[0m
[0mGET /bower_components/bootstrap/dist/js/bootstrap.js [36m304 [0m3.907 ms - -[0m
[0mGET /javascripts/control.js [36m304 [0m0.359 ms - -[0m
[0mGET /favicon.ico?v=1 [32m200 [0m0.408 ms - 3870[0m
[0mGET /create-educate [33m404 [0m19.633 ms - 1693[0m
[0mGET /stylesheets/style.css [36m304 [0m0.357 ms - -[0m
[0mGET /bower_components/bootstrap/dist/css/bootstrap.css [36m304 [0m0.683 ms - -[0m
[0mGET /bower_components/jquery/dist/jquery.js [36m304 [0m4.617 ms - -[0m
[0mGET /bower_components/bootstrap/dist/js/bootstrap.js [36m304 [0m3.979 ms - -[0m
[0mGET /javascripts/control.js [36m304 [0m2.893 ms - -[0m
[0mGET /favicon.ico?v=1 [32m200 [0m0.324 ms - 3870[0m
[0mGET / [36m304 [0m0.197 ms - -[0m
[0mGET /static/css/main.a6582788.chunk.css [36m304 [0m0.194 ms - -[0m
[0mGET /static/js/1.72318837.chunk.js [36m304 [0m0.162 ms - -[0m
[0mGET /static/js/main.b46a4c60.chunk.js [36m304 [0m0.186 ms - -[0m
Foo called:
{
    "result": "success",
    "status": "bar",
    "file": "api.js"
}
[0mGET /foo [36m304 [0m0.420 ms - -[0m
Foo called:
{
    "result": "success",
    "status": "bar",
    "file": "api.js"
}
[0mGET /foo [36m304 [0m0.328 ms - -[0m
Foo called:
{
    "result": "success",
    "status": "bar",
    "file": "api.js"
}
[0mGET /foo [36m304 [0m0.319 ms - -[0m
Foo called:
{
    "result": "success",
    "status": "bar",
    "file": "api.js"
}
[0mGET /foo [32m200 [0m2.229 ms - 51[0m
[0mGET /create-educate [33m404 [0m11.133 ms - 1693[0m
[0mGET /create-educate [33m404 [0m20.033 ms - 1693[0m
[0mGET /create-educate [33m404 [0m11.951 ms - 1693[0m
[0mGET /create-educate [33m404 [0m15.468 ms - 1693[0m
[0mGET /create-educate [33m404 [0m11.621 ms - 1693[0m
[0mGET /create-educate [33m404 [0m13.343 ms - 1693[0m
[0mGET /create-educate [33m404 [0m6.785 ms - 1693[0m
[0mGET /create-educate [33m404 [0m9.985 ms - 1693[0m
[0mGET /create-educate [33m404 [0m12.889 ms - 1693[0m
[0mGET /create-educate [33m404 [0m19.813 ms - 1693[0m
[0mGET /create-educate [33m404 [0m16.464 ms - 1693[0m
[0mGET /create-educate [33m404 [0m6.533 ms - 1693[0m
[0mGET /create-educate [33m404 [0m10.976 ms - 1693[0m
[0mGET /create-educate [33m404 [0m10.472 ms - 1693[0m
[0mGET /create-educate [33m404 [0m6.623 ms - 1693[0m
[0mGET /create-educate [33m404 [0m17.886 ms - 1693[0m
[0mGET /create-educate [33m404 [0m10.233 ms - 1693[0m
[0mGET /create-educate [33m404 [0m7.316 ms - 1693[0m
[0mGET /create-educate [33m404 [0m5.996 ms - 1693[0m
[0mGET /create-educate [33m404 [0m10.693 ms - 1693[0m
[0mGET /create-educate [33m404 [0m7.934 ms - 1693[0m
[0mGET /create-educate [33m404 [0m11.800 ms - 1693[0m
[0mGET /create-educate [33m404 [0m5.950 ms - 1693[0m
[0mGET /create-educate [33m404 [0m8.154 ms - 1693[0m
[0mGET /create-educate [33m404 [0m4.415 ms - 1693[0m
[0mGET /create-educate [33m404 [0m3.818 ms - 1693[0m
[0mGET /create-educate [33m404 [0m4.103 ms - 1693[0m
[0mGET /create-educate [33m404 [0m9.251 ms - 1693[0m
[0mGET /create-educate [33m404 [0m5.701 ms - 1693[0m
[0mGET /create-educate [33m404 [0m3.509 ms - 1693[0m
[0mGET /create-educate [33m404 [0m13.075 ms - 1693[0m
[0mGET /create-educate [33m404 [0m5.688 ms - 1693[0m
Foo called:
{
    "result": "success",
    "status": "bar",
    "file": "api.js"
}
[0mGET /foo [32m200 [0m2.485 ms - 51[0m
Foo called:
{
    "result": "success",
    "status": "bar",
    "file": "api.js"
}
[0mGET /foo [36m304 [0m3.275 ms - -[0m
Foo called:
{
    "result": "success",
    "status": "bar",
    "file": "api.js"
}
[0mGET /foo [36m304 [0m3.403 ms - -[0m
Foo called:
{
    "result": "success",
    "status": "bar",
    "file": "api.js"
}
[0mGET /foo [36m304 [0m2.201 ms - -[0m
Foo called:
{
    "result": "success",
    "status": "bar",
    "file": "api.js"
}
[0mGET /foo [32m200 [0m1.987 ms - 51[0m
Foo called:
{
    "result": "success",
    "status": "bar",
    "file": "api.js"
}
[0mGET /foo [36m304 [0m2.386 ms - -[0m
Foo called:
{
    "result": "success",
    "status": "bar",
    "file": "api.js"
}
[0mGET /foo [36m304 [0m2.354 ms - -[0m
Foo called:
{
    "result": "success",
    "status": "bar",
    "file": "api.js"
}
[0mGET /foo [36m304 [0m4.214 ms - -[0m
Foo called:
{
    "result": "success",
    "status": "bar",
    "file": "api.js"
}
[0mGET /foo [36m304 [0m2.197 ms - -[0m
Foo called:
{
    "result": "success",
    "status": "bar",
    "file": "api.js"
}
[0mGET /foo [36m304 [0m2.125 ms - -[0m
Foo called:
{
    "result": "success",
    "status": "bar",
    "file": "api.js"
}
[0mGET /foo [36m304 [0m2.225 ms - -[0m
Foo called:
{
    "result": "success",
    "status": "bar",
    "file": "api.js"
}
[0mGET /foo [36m304 [0m2.039 ms - -[0m
Foo called:
{
    "result": "success",
    "status": "bar",
    "file": "api.js"
}
[0mGET /foo [36m304 [0m4.088 ms - -[0m
Foo called:
{
    "result": "success",
    "status": "bar",
    "file": "api.js"
}
[0mGET /foo [36m304 [0m1.917 ms - -[0m
Foo called:
{
    "result": "success",
    "status": "bar",
    "file": "api.js"
}
[0mGET /foo [36m304 [0m3.844 ms - -[0m
Foo called:
{
    "result": "success",
    "status": "bar",
    "file": "api.js"
}
[0mGET /foo [36m304 [0m1.948 ms - -[0m
Foo called:
{
    "result": "success",
    "status": "bar",
    "file": "api.js"
}
[0mGET /foo [36m304 [0m3.466 ms - -[0m
Foo called:
{
    "result": "success",
    "status": "bar",
    "file": "api.js"
}
[0mGET /foo [36m304 [0m2.076 ms - -[0m
Foo called:
{
    "result": "success",
    "status": "bar",
    "file": "api.js"
}
[0mGET /foo [36m304 [0m2.082 ms - -[0m
Foo called:
{
    "result": "success",
    "status": "bar",
    "file": "api.js"
}
[0mGET /foo [36m304 [0m1.777 ms - -[0m
Foo called:
{
    "result": "success",
    "status": "bar",
    "file": "api.js"
}
[0mGET /foo [36m304 [0m1.718 ms - -[0m
Foo called:
{
    "result": "success",
    "status": "bar",
    "file": "api.js"
}
[0mGET /foo [36m304 [0m3.526 ms - -[0m
Foo called:
{
    "result": "success",
    "status": "bar",
    "file": "api.js"
}
[0mGET /foo [36m304 [0m2.011 ms - -[0m
Foo called:
{
    "result": "success",
    "status": "bar",
    "file": "api.js"
}
[0mGET /foo [36m304 [0m3.287 ms - -[0m
Foo called:
{
    "result": "success",
    "status": "bar",
    "file": "api.js"
}
[0mGET /foo [36m304 [0m1.947 ms - -[0m
Foo called:
{
    "result": "success",
    "status": "bar",
    "file": "api.js"
}
[0mGET /foo [36m304 [0m1.628 ms - -[0m
Foo called:
{
    "result": "success",
    "status": "bar",
    "file": "api.js"
}
[0mGET /foo [36m304 [0m1.721 ms - -[0m
Foo called:
{
    "result": "success",
    "status": "bar",
    "file": "api.js"
}
[0mGET /foo [36m304 [0m1.844 ms - -[0m
Foo called:
{
    "result": "success",
    "status": "bar",
    "file": "api.js"
}
[0mGET /foo [36m304 [0m2.473 ms - -[0m
Foo called:
{
    "result": "success",
    "status": "bar",
    "file": "api.js"
}
[0mGET /foo [32m200 [0m2.250 ms - 51[0m
Foo called:
{
    "result": "success",
    "status": "bar",
    "file": "api.js"
}
[0mGET /foo [32m200 [0m1.908 ms - 51[0m
Foo called:
{
    "result": "success",
    "status": "bar",
    "file": "api.js"
}
[0mGET /foo [36m304 [0m2.032 ms - -[0m
Foo called:
{
    "result": "success",
    "status": "bar",
    "file": "api.js"
}
[0mGET /foo [36m304 [0m2.418 ms - -[0m
Foo called:
{
    "result": "success",
    "status": "bar",
    "file": "api.js"
}
[0mGET /foo [36m304 [0m4.001 ms - -[0m
Foo called:
{
    "result": "success",
    "status": "bar",
    "file": "api.js"
}
[0mGET /foo [36m304 [0m2.412 ms - -[0m
Foo called:
{
    "result": "success",
    "status": "bar",
    "file": "api.js"
}
[0mGET /foo [36m304 [0m2.018 ms - -[0m
Foo called:
{
    "result": "success",
    "status": "bar",
    "file": "api.js"
}
[0mGET /foo [36m304 [0m3.169 ms - -[0m
Foo called:
{
    "result": "success",
    "status": "bar",
    "file": "api.js"
}
[0mGET /foo [36m304 [0m1.664 ms - -[0m
Foo called:
{
    "result": "success",
    "status": "bar",
    "file": "api.js"
}
[0mGET /foo [36m304 [0m1.812 ms - -[0m
Foo called:
{
    "result": "success",
    "status": "bar",
    "file": "api.js"
}
[0mGET /foo [32m200 [0m3.555 ms - 51[0m
Foo called:
{
    "result": "success",
    "status": "bar",
    "file": "api.js"
}
[0mGET /foo [36m304 [0m1.779 ms - -[0m
Foo called:
{
    "result": "success",
    "status": "bar",
    "file": "api.js"
}
[0mGET /foo [36m304 [0m1.883 ms - -[0m
Foo called:
{
    "result": "success",
    "status": "bar",
    "file": "api.js"
}
[0mGET /foo [32m200 [0m2.292 ms - 51[0m
Foo called:
{
    "result": "success",
    "status": "bar",
    "file": "api.js"
}
[0mGET /foo [36m304 [0m1.766 ms - -[0m
[0mGET /create-educate [33m404 [0m9.087 ms - 1693[0m
[0mGET /create-educate [33m404 [0m6.504 ms - 1693[0m
[0mGET /create-educate [33m404 [0m4.480 ms - 1693[0m
[0mGET /create-educate [33m404 [0m3.861 ms - 1693[0m
[0mGET /create-educate [33m404 [0m4.167 ms - 1693[0m
Foo called:
{
    "result": "success",
    "status": "bar",
    "file": "api.js"
}
[0mGET /foo [36m304 [0m1.976 ms - -[0m
Foo called:
{
    "result": "success",
    "status": "bar",
    "file": "api.js"
}
[0mGET /foo [36m304 [0m1.953 ms - -[0m
Foo called:
{
    "result": "success",
    "status": "bar",
    "file": "api.js"
}
[0mGET /foo [36m304 [0m2.046 ms - -[0m
Foo called:
{
    "result": "success",
    "status": "bar",
    "file": "api.js"
}
[0mGET /foo [36m304 [0m2.066 ms - -[0m
Foo called:
{
    "result": "success",
    "status": "bar",
    "file": "api.js"
}
[0mGET /foo [36m304 [0m2.123 ms - -[0m
Foo called:
{
    "result": "success",
    "status": "bar",
    "file": "api.js"
}
[0mGET /foo [36m304 [0m1.753 ms - -[0m
Foo called:
{
    "result": "success",
    "status": "bar",
    "file": "api.js"
}
[0mGET /foo [36m304 [0m3.054 ms - -[0m
[0mGET /create-educate [33m404 [0m4.717 ms - 1693[0m
[0mGET /create-educate [33m404 [0m6.302 ms - 1693[0m
[0mGET /create-educate [33m404 [0m6.289 ms - 1693[0m
Foo called:
{
    "result": "success",
    "status": "bar",
    "file": "api.js"
}
[0mGET /foo [36m304 [0m1.628 ms - -[0m
[0mGET /create-educate [33m404 [0m10.340 ms - 1693[0m
[0mGET /create-educate [33m404 [0m6.404 ms - 1693[0m
[0mGET /create-educate [33m404 [0m4.732 ms - 1693[0m
[0mGET /create-educate [33m404 [0m7.804 ms - 1693[0m
[0mGET /create-educate [33m404 [0m5.001 ms - 1693[0m
Foo called:
{
    "result": "success",
    "status": "bar",
    "file": "api.js"
}
[0mGET /foo [36m304 [0m5.460 ms - -[0m
[0mGET /create-educate [33m404 [0m4.554 ms - 1693[0m
[0mGET /create-educate [33m404 [0m11.298 ms - 1693[0m
Foo called:
{
    "result": "success",
    "status": "bar",
    "file": "api.js"
}
[0mGET /foo [36m304 [0m1.952 ms - -[0m
[0mGET /create-educate [33m404 [0m5.168 ms - 1693[0m
Foo called:
{
    "result": "success",
    "status": "bar",
    "file": "api.js"
}
[0mGET /foo [36m304 [0m2.316 ms - -[0m
[0mGET /create-educate [33m404 [0m12.401 ms - 1693[0m
[0mGET /create-educate [33m404 [0m10.907 ms - 1693[0m
Foo called:
{
    "result": "success",
    "status": "bar",
    "file": "api.js"
}
[0mGET /foo [36m304 [0m1.746 ms - -[0m
Foo called:
{
    "result": "success",
    "status": "bar",
    "file": "api.js"
}
[0mGET /foo [36m304 [0m1.931 ms - -[0m
[0mGET /create-educate [33m404 [0m14.541 ms - 1693[0m
[0mGET /create-educate [33m404 [0m6.460 ms - 1693[0m
[0mGET /create-educate [33m404 [0m6.796 ms - 1693[0m
[0mGET /create-educate [33m404 [0m5.033 ms - 1693[0m
[0mGET /create-educate [33m404 [0m13.218 ms - 1693[0m
[0mGET /create-educate [33m404 [0m4.736 ms - 1693[0m
[0mGET /create-educate [33m404 [0m4.989 ms - 1693[0m
[0mGET /create-educate [33m404 [0m4.986 ms - 1693[0m
[0mGET /create-educate [33m404 [0m5.615 ms - 1693[0m
[0mGET /create-educate [33m404 [0m4.644 ms - 1693[0m
[0mGET /create-educate [33m404 [0m9.558 ms - 1693[0m
[0mGET /create-educate [33m404 [0m3.739 ms - 1693[0m
Foo called:
{
    "result": "success",
    "status": "bar",
    "file": "api.js"
}
[0mGET /foo [36m304 [0m1.749 ms - -[0m
Foo called:
{
    "result": "success",
    "status": "bar",
    "file": "api.js"
}
[0mGET /foo [36m304 [0m1.727 ms - -[0m
Foo called:
{
    "result": "success",
    "status": "bar",
    "file": "api.js"
}
[0mGET /foo [36m304 [0m1.576 ms - -[0m
Foo called:
{
    "result": "success",
    "status": "bar",
    "file": "api.js"
}
[0mGET /foo [36m304 [0m1.982 ms - -[0m
Foo called:
{
    "result": "success",
    "status": "bar",
    "file": "api.js"
}
[0mGET /foo [36m304 [0m1.767 ms - -[0m
Foo called:
{
    "result": "success",
    "status": "bar",
    "file": "api.js"
}
[0mGET /foo [36m304 [0m2.200 ms - -[0m
Foo called:
{
    "result": "success",
    "status": "bar",
    "file": "api.js"
}
[0mGET /foo [36m304 [0m4.647 ms - -[0m
Foo called:
{
    "result": "success",
    "status": "bar",
    "file": "api.js"
}
[0mGET /foo [36m304 [0m1.860 ms - -[0m
Foo called:
{
    "result": "success",
    "status": "bar",
    "file": "api.js"
}
[0mGET /foo [36m304 [0m1.860 ms - -[0m
[0mGET /create-educate [33m404 [0m9.792 ms - 1693[0m
[0mGET /create-educate [33m404 [0m7.043 ms - 1693[0m
Foo called:
{
    "result": "success",
    "status": "bar",
    "file": "api.js"
}
[0mGET /foo [36m304 [0m5.638 ms - -[0m
Foo called:
{
    "result": "success",
    "status": "bar",
    "file": "api.js"
}
[0mGET /foo [36m304 [0m2.392 ms - -[0m
Foo called:
{
    "result": "success",
    "status": "bar",
    "file": "api.js"
}
[0mGET /foo [36m304 [0m3.710 ms - -[0m
Foo called:
{
    "result": "success",
    "status": "bar",
    "file": "api.js"
}
[0mGET /foo [36m304 [0m2.488 ms - -[0m
Foo called:
{
    "result": "success",
    "status": "bar",
    "file": "api.js"
}
[0mGET /foo [36m304 [0m3.699 ms - -[0m
Foo called:
{
    "result": "success",
    "status": "bar",
    "file": "api.js"
}
[0mGET /foo [36m304 [0m6.401 ms - -[0m
Foo called:
{
    "result": "success",
    "status": "bar",
    "file": "api.js"
}
[0mGET /foo [36m304 [0m6.750 ms - -[0m
Foo called:
{
    "result": "success",
    "status": "bar",
    "file": "api.js"
}
[0mGET /foo [36m304 [0m3.033 ms - -[0m
Foo called:
{
    "result": "success",
    "status": "bar",
    "file": "api.js"
}
[0mGET /foo [36m304 [0m2.070 ms - -[0m
Foo called:
{
    "result": "success",
    "status": "bar",
    "file": "api.js"
}
[0mGET /foo [36m304 [0m4.664 ms - -[0m
[0mGET /create-educate [33m404 [0m10.443 ms - 1693[0m
Foo called:
{
    "result": "success",
    "status": "bar",
    "file": "api.js"
}
[0mGET /foo [36m304 [0m2.616 ms - -[0m
[0mGET /create-educate [33m404 [0m8.409 ms - 1693[0m
[0mGET /create-educate [33m404 [0m7.708 ms - 1693[0m
Foo called:
{
    "result": "success",
    "status": "bar",
    "file": "api.js"
}
[0mGET /foo [36m304 [0m4.457 ms - -[0m
[0mGET /create-educate [33m404 [0m9.512 ms - 1693[0m
[0mGET /create-educate [33m404 [0m16.704 ms - 1693[0m
[0mGET /create-educate [33m404 [0m13.462 ms - 1693[0m
[0mGET /create-educate [33m404 [0m4.859 ms - 1693[0m
[0mGET /create-educate [33m404 [0m3.615 ms - 1693[0m
[0mGET /create-educate [33m404 [0m6.635 ms - 1693[0m
[0mGET /create-educate [33m404 [0m4.484 ms - 1693[0m
Foo called:
{
    "result": "success",
    "status": "bar",
    "file": "api.js"
}
[0mGET /foo [32m200 [0m2.540 ms - 51[0m
[0mGET /create-educate [33m404 [0m6.090 ms - 1693[0m
Foo called:
{
    "result": "success",
    "status": "bar",
    "file": "api.js"
}
[0mGET /foo [36m304 [0m3.474 ms - -[0m
Foo called:
{
    "result": "success",
    "status": "bar",
    "file": "api.js"
}
[0mGET /foo [36m304 [0m3.589 ms - -[0m
[0mGET /create-educate [33m404 [0m8.613 ms - 1693[0m
[0mGET /create-educate [33m404 [0m4.029 ms - 1693[0m
[0mGET /create-educate [33m404 [0m3.864 ms - 1693[0m
[0mGET /create-educate [33m404 [0m4.624 ms - 1693[0m
[0mGET /create-educate [33m404 [0m7.155 ms - 1693[0m
[0mGET /create-educate [33m404 [0m17.538 ms - 1693[0m
[0mGET /create-educate [33m404 [0m12.865 ms - 1693[0m
[0mGET /create-educate [33m404 [0m3.827 ms - 1693[0m
[0mGET /create-educate [33m404 [0m10.248 ms - 1693[0m
Foo called:
{
    "result": "success",
    "status": "bar",
    "file": "api.js"
}
[0mGET /foo [36m304 [0m2.355 ms - -[0m
Foo called:
{
    "result": "success",
    "status": "bar",
    "file": "api.js"
}
[0mGET /foo [36m304 [0m1.914 ms - -[0m
Foo called:
{
    "result": "success",
    "status": "bar",
    "file": "api.js"
}
[0mGET /foo [36m304 [0m2.344 ms - -[0m
[0mGET /create-educate [33m404 [0m12.258 ms - 1693[0m
Foo called:
{
    "result": "success",
    "status": "bar",
    "file": "api.js"
}
[0mGET /foo [36m304 [0m2.704 ms - -[0m
Foo called:
{
    "result": "success",
    "status": "bar",
    "file": "api.js"
}
[0mGET /foo [36m304 [0m2.391 ms - -[0m
Foo called:
{
    "result": "success",
    "status": "bar",
    "file": "api.js"
}
[0mGET /foo [36m304 [0m2.295 ms - -[0m
Foo called:
{
    "result": "success",
    "status": "bar",
    "file": "api.js"
}
[0mGET /foo [36m304 [0m2.122 ms - -[0m
Foo called:
{
    "result": "success",
    "status": "bar",
    "file": "api.js"
}
[0mGET /foo [36m304 [0m2.225 ms - -[0m
Foo called:
{
    "result": "success",
    "status": "bar",
    "file": "api.js"
}
[0mGET /foo [36m304 [0m1.838 ms - -[0m
Foo called:
{
    "result": "success",
    "status": "bar",
    "file": "api.js"
}
[0mGET /foo [36m304 [0m1.854 ms - -[0m
Foo called:
{
    "result": "success",
    "status": "bar",
    "file": "api.js"
}
[0mGET /foo [36m304 [0m2.657 ms - -[0m
Foo called:
{
    "result": "success",
    "status": "bar",
    "file": "api.js"
}
[0mGET /foo [36m304 [0m1.937 ms - -[0m
Foo called:
{
    "result": "success",
    "status": "bar",
    "file": "api.js"
}
[0mGET /foo [36m304 [0m2.228 ms - -[0m
Foo called:
{
    "result": "success",
    "status": "bar",
    "file": "api.js"
}
[0mGET /foo [36m304 [0m4.456 ms - -[0m
[0mGET /create-educate [33m404 [0m8.403 ms - 1693[0m
Foo called:
{
    "result": "success",
    "status": "bar",
    "file": "api.js"
}
[0mGET /foo [36m304 [0m3.032 ms - -[0m
Foo called:
{
    "result": "success",
    "status": "bar",
    "file": "api.js"
}
[0mGET /foo [36m304 [0m3.505 ms - -[0m
Foo called:
{
    "result": "success",
    "status": "bar",
    "file": "api.js"
}
[0mGET /foo [36m304 [0m0.249 ms - -[0m
Port 30034 is already in use
[0mGET / [32m200 [0m11.130 ms - 2057[0m
[0mGET /static/css/main.a6582788.chunk.css [32m200 [0m0.634 ms - 984[0m
[0mGET /static/js/1.e2610b76.chunk.js [32m200 [0m0.254 ms - 112275[0m
[0mGET /static/js/main.8928e95c.chunk.js [32m200 [0m0.336 ms - 3889[0m
[0mGET /favicon.ico [32m200 [0m0.278 ms - 3870[0m
